The target system is: Windows -  - 
The host system is: Linux - 3.16.6-2-desktop - x86_64
Compiling the C compiler identification source file "CMakeCCompilerId.c" succeeded.
Compiler: /usr/bin/i686-w64-mingw32-gcc 
Build flags: 
Id flags: 

The output was:
0


Compilation of the C compiler identification source "CMakeCCompilerId.c" produced "a.exe"

The C compiler identification is GNU, found in "/home/vanquan/client/build-win32/CMakeFiles/3.6.1/CompilerIdC/a.exe"

Compiling the CXX compiler identification source file "CMakeCXXCompilerId.cpp" succeeded.
Compiler: /usr/bin/i686-w64-mingw32-g++ 
Build flags: 
Id flags: 

The output was:
0


Compilation of the CXX compiler identification source "CMakeCXXCompilerId.cpp" produced "a.exe"

The CXX compiler identification is GNU, found in "/home/vanquan/client/build-win32/CMakeFiles/3.6.1/CompilerIdCXX/a.exe"

Determining if the C compiler works passed with the following output:
Change Dir: /home/vanquan/client/build-win32/CMakeFiles/CMakeTmp

Run Build Command:"/usr/bin/gmake" "cmTC_0006f/fast"
/usr/bin/gmake -f CMakeFiles/cmTC_0006f.dir/build.make CMakeFiles/cmTC_0006f.dir/build
gmake[1]: Entering directory '/home/vanquan/client/build-win32/CMakeFiles/CMakeTmp'
Building C object CMakeFiles/cmTC_0006f.dir/testCCompiler.c.obj
/usr/bin/i686-w64-mingw32-gcc     -o CMakeFiles/cmTC_0006f.dir/testCCompiler.c.obj   -c /home/vanquan/client/build-win32/CMakeFiles/CMakeTmp/testCCompiler.c
Linking C executable cmTC_0006f.exe
/usr/bin/cmake -E cmake_link_script CMakeFiles/cmTC_0006f.dir/link.txt --verbose=1
/usr/bin/cmake -E remove -f CMakeFiles/cmTC_0006f.dir/objects.a
/usr/bin/i686-w64-mingw32-ar cr CMakeFiles/cmTC_0006f.dir/objects.a @CMakeFiles/cmTC_0006f.dir/objects1.rsp
/usr/bin/i686-w64-mingw32-gcc       -Wl,--whole-archive CMakeFiles/cmTC_0006f.dir/objects.a -Wl,--no-whole-archive  -o cmTC_0006f.exe -Wl,--out-implib,libcmTC_0006f.dll.a -Wl,--major-image-version,0,--minor-image-version,0 @CMakeFiles/cmTC_0006f.dir/linklibs.rsp
gmake[1]: Leaving directory '/home/vanquan/client/build-win32/CMakeFiles/CMakeTmp'


Detecting C compiler ABI info compiled with the following output:
Change Dir: /home/vanquan/client/build-win32/CMakeFiles/CMakeTmp

Run Build Command:"/usr/bin/gmake" "cmTC_45651/fast"
/usr/bin/gmake -f CMakeFiles/cmTC_45651.dir/build.make CMakeFiles/cmTC_45651.dir/build
gmake[1]: Entering directory '/home/vanquan/client/build-win32/CMakeFiles/CMakeTmp'
Building C object CMakeFiles/cmTC_45651.dir/CMakeCCompilerABI.c.obj
/usr/bin/i686-w64-mingw32-gcc     -o CMakeFiles/cmTC_45651.dir/CMakeCCompilerABI.c.obj   -c /usr/share/cmake/Modules/CMakeCCompilerABI.c
Linking C executable cmTC_45651.exe
/usr/bin/cmake -E cmake_link_script CMakeFiles/cmTC_45651.dir/link.txt --verbose=1
/usr/bin/cmake -E remove -f CMakeFiles/cmTC_45651.dir/objects.a
/usr/bin/i686-w64-mingw32-ar cr CMakeFiles/cmTC_45651.dir/objects.a @CMakeFiles/cmTC_45651.dir/objects1.rsp
/usr/bin/i686-w64-mingw32-gcc      -v -Wl,--whole-archive CMakeFiles/cmTC_45651.dir/objects.a -Wl,--no-whole-archive  -o cmTC_45651.exe -Wl,--out-implib,libcmTC_45651.dll.a -Wl,--major-image-version,0,--minor-image-version,0   
Using built-in specs.
COLLECT_GCC=/usr/bin/i686-w64-mingw32-gcc
COLLECT_LTO_WRAPPER=/usr/lib64/gcc/i686-w64-mingw32/4.9.2/lto-wrapper
Target: i686-w64-mingw32
Configured with: ../configure --prefix=/usr --bindir=/usr/bin --includedir=/usr/include --libdir=/usr/lib64 --libexecdir=/usr/lib64 --mandir=/usr/share/man --infodir=/usr/share/info --datadir=/usr/share --build=x86_64-suse-linux-gnu --host=x86_64-suse-linux-gnu --target=i686-w64-mingw32 --with-gnu-as --with-gnu-ld --verbose --without-newlib --disable-multilib --disable-plugin --with-system-zlib --disable-nls --without-included-gettext --disable-win32-registry --enable-version-specific-runtime-libs --with-sysroot=/usr/i686-w64-mingw32/sys-root --enable-languages=c,c++,fortran,objc,obj-c++,java --enable-libgcj --enable-java-gc-boehm --disable-libgcj-debug --without-x --enable-hash-synchronization --enable-fully-dynamic-strings --enable-libgomp --enable-linker-build-id
Thread model: win32
gcc version 4.9.2 (GCC) 
COMPILER_PATH=/usr/lib64/gcc/i686-w64-mingw32/4.9.2/:/usr/lib64/gcc/i686-w64-mingw32/4.9.2/:/usr/lib64/gcc/i686-w64-mingw32/:/usr/lib64/gcc/i686-w64-mingw32/4.9.2/:/usr/lib64/gcc/i686-w64-mingw32/:/usr/lib64/gcc/i686-w64-mingw32/4.9.2/../../../../i686-w64-mingw32/bin/
LIBRARY_PATH=/usr/lib64/gcc/i686-w64-mingw32/4.9.2/:/usr/lib64/gcc/i686-w64-mingw32/4.9.2/../../../../i686-w64-mingw32/lib/../lib/:/usr/i686-w64-mingw32/sys-root/mingw/lib/../lib/:/usr/lib64/gcc/i686-w64-mingw32/4.9.2/../../../../i686-w64-mingw32/lib/:/usr/i686-w64-mingw32/sys-root/mingw/lib/
COLLECT_GCC_OPTIONS='-v' '-o' 'cmTC_45651.exe' '-mtune=generic' '-march=pentiumpro'
 /usr/lib64/gcc/i686-w64-mingw32/4.9.2/collect2 -plugin /usr/lib64/gcc/i686-w64-mingw32/4.9.2/liblto_plugin.so -plugin-opt=/usr/lib64/gcc/i686-w64-mingw32/4.9.2/lto-wrapper -plugin-opt=-fresolution=/tmp/ccDdaZN7.res -plugin-opt=-pass-through=-lmingw32 -plugin-opt=-pass-through=-lgcc -plugin-opt=-pass-through=-lgcc_eh -plugin-opt=-pass-through=-lmoldname -plugin-opt=-pass-through=-lmingwex -plugin-opt=-pass-through=-lmsvcrt -plugin-opt=-pass-through=-ladvapi32 -plugin-opt=-pass-through=-lshell32 -plugin-opt=-pass-through=-luser32 -plugin-opt=-pass-through=-lkernel32 -plugin-opt=-pass-through=-lmingw32 -plugin-opt=-pass-through=-lgcc -plugin-opt=-pass-through=-lgcc_eh -plugin-opt=-pass-through=-lmoldname -plugin-opt=-pass-through=-lmingwex -plugin-opt=-pass-through=-lmsvcrt --sysroot=/usr/i686-w64-mingw32/sys-root --build-id -m i386pe -Bdynamic -o cmTC_45651.exe /usr/i686-w64-mingw32/sys-root/mingw/lib/../lib/crt2.o /usr/lib64/gcc/i686-w64-mingw32/4.9.2/crtbegin.o -L/usr/lib64/gcc/i686-w64-mingw32/4.9.2 -L/usr/lib64/gcc/i686-w64-mingw32/4.9.2/../../../../i686-w64-mingw32/lib/../lib -L/usr/i686-w64-mingw32/sys-root/mingw/lib/../lib -L/usr/lib64/gcc/i686-w64-mingw32/4.9.2/../../../../i686-w64-mingw32/lib -L/usr/i686-w64-mingw32/sys-root/mingw/lib --whole-archive CMakeFiles/cmTC_45651.dir/objects.a --no-whole-archive --out-implib libcmTC_45651.dll.a --major-image-version 0 --minor-image-version 0 -lmingw32 -lgcc -lgcc_eh -lmoldname -lmingwex -lmsvcrt -ladvapi32 -lshell32 -luser32 -lkernel32 -lmingw32 -lgcc -lgcc_eh -lmoldname -lmingwex -lmsvcrt /usr/lib64/gcc/i686-w64-mingw32/4.9.2/crtend.o
gmake[1]: Leaving directory '/home/vanquan/client/build-win32/CMakeFiles/CMakeTmp'


Parsed C implicit link information from above output:
  link line regex: [^( *|.*[/\])(i686-w64-mingw32-ld|([^/\]+-)?ld|collect2)[^/\]*( |$)]
  ignore line: [Change Dir: /home/vanquan/client/build-win32/CMakeFiles/CMakeTmp]
  ignore line: []
  ignore line: [Run Build Command:"/usr/bin/gmake" "cmTC_45651/fast"]
  ignore line: [/usr/bin/gmake -f CMakeFiles/cmTC_45651.dir/build.make CMakeFiles/cmTC_45651.dir/build]
  ignore line: [gmake[1]: Entering directory '/home/vanquan/client/build-win32/CMakeFiles/CMakeTmp']
  ignore line: [Building C object CMakeFiles/cmTC_45651.dir/CMakeCCompilerABI.c.obj]
  ignore line: [/usr/bin/i686-w64-mingw32-gcc     -o CMakeFiles/cmTC_45651.dir/CMakeCCompilerABI.c.obj   -c /usr/share/cmake/Modules/CMakeCCompilerABI.c]
  ignore line: [Linking C executable cmTC_45651.exe]
  ignore line: [/usr/bin/cmake -E cmake_link_script CMakeFiles/cmTC_45651.dir/link.txt --verbose=1]
  ignore line: [/usr/bin/cmake -E remove -f CMakeFiles/cmTC_45651.dir/objects.a]
  ignore line: [/usr/bin/i686-w64-mingw32-ar cr CMakeFiles/cmTC_45651.dir/objects.a @CMakeFiles/cmTC_45651.dir/objects1.rsp]
  ignore line: [/usr/bin/i686-w64-mingw32-gcc      -v -Wl,--whole-archive CMakeFiles/cmTC_45651.dir/objects.a -Wl,--no-whole-archive  -o cmTC_45651.exe -Wl,--out-implib,libcmTC_45651.dll.a -Wl,--major-image-version,0,--minor-image-version,0   ]
  ignore line: [Using built-in specs.]
  ignore line: [COLLECT_GCC=/usr/bin/i686-w64-mingw32-gcc]
  ignore line: [COLLECT_LTO_WRAPPER=/usr/lib64/gcc/i686-w64-mingw32/4.9.2/lto-wrapper]
  ignore line: [Target: i686-w64-mingw32]
  ignore line: [Configured with: ../configure --prefix=/usr --bindir=/usr/bin --includedir=/usr/include --libdir=/usr/lib64 --libexecdir=/usr/lib64 --mandir=/usr/share/man --infodir=/usr/share/info --datadir=/usr/share --build=x86_64-suse-linux-gnu --host=x86_64-suse-linux-gnu --target=i686-w64-mingw32 --with-gnu-as --with-gnu-ld --verbose --without-newlib --disable-multilib --disable-plugin --with-system-zlib --disable-nls --without-included-gettext --disable-win32-registry --enable-version-specific-runtime-libs --with-sysroot=/usr/i686-w64-mingw32/sys-root --enable-languages=c,c++,fortran,objc,obj-c++,java --enable-libgcj --enable-java-gc-boehm --disable-libgcj-debug --without-x --enable-hash-synchronization --enable-fully-dynamic-strings --enable-libgomp --enable-linker-build-id]
  ignore line: [Thread model: win32]
  ignore line: [gcc version 4.9.2 (GCC) ]
  ignore line: [COMPILER_PATH=/usr/lib64/gcc/i686-w64-mingw32/4.9.2/:/usr/lib64/gcc/i686-w64-mingw32/4.9.2/:/usr/lib64/gcc/i686-w64-mingw32/:/usr/lib64/gcc/i686-w64-mingw32/4.9.2/:/usr/lib64/gcc/i686-w64-mingw32/:/usr/lib64/gcc/i686-w64-mingw32/4.9.2/../../../../i686-w64-mingw32/bin/]
  ignore line: [LIBRARY_PATH=/usr/lib64/gcc/i686-w64-mingw32/4.9.2/:/usr/lib64/gcc/i686-w64-mingw32/4.9.2/../../../../i686-w64-mingw32/lib/../lib/:/usr/i686-w64-mingw32/sys-root/mingw/lib/../lib/:/usr/lib64/gcc/i686-w64-mingw32/4.9.2/../../../../i686-w64-mingw32/lib/:/usr/i686-w64-mingw32/sys-root/mingw/lib/]
  ignore line: [COLLECT_GCC_OPTIONS='-v' '-o' 'cmTC_45651.exe' '-mtune=generic' '-march=pentiumpro']
  link line: [ /usr/lib64/gcc/i686-w64-mingw32/4.9.2/collect2 -plugin /usr/lib64/gcc/i686-w64-mingw32/4.9.2/liblto_plugin.so -plugin-opt=/usr/lib64/gcc/i686-w64-mingw32/4.9.2/lto-wrapper -plugin-opt=-fresolution=/tmp/ccDdaZN7.res -plugin-opt=-pass-through=-lmingw32 -plugin-opt=-pass-through=-lgcc -plugin-opt=-pass-through=-lgcc_eh -plugin-opt=-pass-through=-lmoldname -plugin-opt=-pass-through=-lmingwex -plugin-opt=-pass-through=-lmsvcrt -plugin-opt=-pass-through=-ladvapi32 -plugin-opt=-pass-through=-lshell32 -plugin-opt=-pass-through=-luser32 -plugin-opt=-pass-through=-lkernel32 -plugin-opt=-pass-through=-lmingw32 -plugin-opt=-pass-through=-lgcc -plugin-opt=-pass-through=-lgcc_eh -plugin-opt=-pass-through=-lmoldname -plugin-opt=-pass-through=-lmingwex -plugin-opt=-pass-through=-lmsvcrt --sysroot=/usr/i686-w64-mingw32/sys-root --build-id -m i386pe -Bdynamic -o cmTC_45651.exe /usr/i686-w64-mingw32/sys-root/mingw/lib/../lib/crt2.o /usr/lib64/gcc/i686-w64-mingw32/4.9.2/crtbegin.o -L/usr/lib64/gcc/i686-w64-mingw32/4.9.2 -L/usr/lib64/gcc/i686-w64-mingw32/4.9.2/../../../../i686-w64-mingw32/lib/../lib -L/usr/i686-w64-mingw32/sys-root/mingw/lib/../lib -L/usr/lib64/gcc/i686-w64-mingw32/4.9.2/../../../../i686-w64-mingw32/lib -L/usr/i686-w64-mingw32/sys-root/mingw/lib --whole-archive CMakeFiles/cmTC_45651.dir/objects.a --no-whole-archive --out-implib libcmTC_45651.dll.a --major-image-version 0 --minor-image-version 0 -lmingw32 -lgcc -lgcc_eh -lmoldname -lmingwex -lmsvcrt -ladvapi32 -lshell32 -luser32 -lkernel32 -lmingw32 -lgcc -lgcc_eh -lmoldname -lmingwex -lmsvcrt /usr/lib64/gcc/i686-w64-mingw32/4.9.2/crtend.o]
    arg [/usr/lib64/gcc/i686-w64-mingw32/4.9.2/collect2] ==> ignore
    arg [-plugin] ==> ignore
    arg [/usr/lib64/gcc/i686-w64-mingw32/4.9.2/liblto_plugin.so] ==> ignore
    arg [-plugin-opt=/usr/lib64/gcc/i686-w64-mingw32/4.9.2/lto-wrapper] ==> ignore
    arg [-plugin-opt=-fresolution=/tmp/ccDdaZN7.res] ==> ignore
    arg [-plugin-opt=-pass-through=-lmingw32] ==> ignore
    arg [-plugin-opt=-pass-through=-lgcc] ==> ignore
    arg [-plugin-opt=-pass-through=-lgcc_eh] ==> ignore
    arg [-plugin-opt=-pass-through=-lmoldname] ==> ignore
    arg [-plugin-opt=-pass-through=-lmingwex] ==> ignore
    arg [-plugin-opt=-pass-through=-lmsvcrt] ==> ignore
    arg [-plugin-opt=-pass-through=-ladvapi32] ==> ignore
    arg [-plugin-opt=-pass-through=-lshell32] ==> ignore
    arg [-plugin-opt=-pass-through=-luser32] ==> ignore
    arg [-plugin-opt=-pass-through=-lkernel32] ==> ignore
    arg [-plugin-opt=-pass-through=-lmingw32] ==> ignore
    arg [-plugin-opt=-pass-through=-lgcc] ==> ignore
    arg [-plugin-opt=-pass-through=-lgcc_eh] ==> ignore
    arg [-plugin-opt=-pass-through=-lmoldname] ==> ignore
    arg [-plugin-opt=-pass-through=-lmingwex] ==> ignore
    arg [-plugin-opt=-pass-through=-lmsvcrt] ==> ignore
    arg [--sysroot=/usr/i686-w64-mingw32/sys-root] ==> ignore
    arg [--build-id] ==> ignore
    arg [-m] ==> ignore
    arg [i386pe] ==> ignore
    arg [-Bdynamic] ==> ignore
    arg [-o] ==> ignore
    arg [cmTC_45651.exe] ==> ignore
    arg [/usr/i686-w64-mingw32/sys-root/mingw/lib/../lib/crt2.o] ==> ignore
    arg [/usr/lib64/gcc/i686-w64-mingw32/4.9.2/crtbegin.o] ==> ignore
    arg [-L/usr/lib64/gcc/i686-w64-mingw32/4.9.2] ==> dir [/usr/lib64/gcc/i686-w64-mingw32/4.9.2]
    arg [-L/usr/lib64/gcc/i686-w64-mingw32/4.9.2/../../../../i686-w64-mingw32/lib/../lib] ==> dir [/usr/lib64/gcc/i686-w64-mingw32/4.9.2/../../../../i686-w64-mingw32/lib/../lib]
    arg [-L/usr/i686-w64-mingw32/sys-root/mingw/lib/../lib] ==> dir [/usr/i686-w64-mingw32/sys-root/mingw/lib/../lib]
    arg [-L/usr/lib64/gcc/i686-w64-mingw32/4.9.2/../../../../i686-w64-mingw32/lib] ==> dir [/usr/lib64/gcc/i686-w64-mingw32/4.9.2/../../../../i686-w64-mingw32/lib]
    arg [-L/usr/i686-w64-mingw32/sys-root/mingw/lib] ==> dir [/usr/i686-w64-mingw32/sys-root/mingw/lib]
    arg [--whole-archive] ==> ignore
    arg [CMakeFiles/cmTC_45651.dir/objects.a] ==> ignore
    arg [--no-whole-archive] ==> ignore
    arg [--out-implib] ==> ignore
    arg [libcmTC_45651.dll.a] ==> ignore
    arg [--major-image-version] ==> ignore
    arg [0] ==> ignore
    arg [--minor-image-version] ==> ignore
    arg [0] ==> ignore
    arg [-lmingw32] ==> lib [mingw32]
    arg [-lgcc] ==> lib [gcc]
    arg [-lgcc_eh] ==> lib [gcc_eh]
    arg [-lmoldname] ==> lib [moldname]
    arg [-lmingwex] ==> lib [mingwex]
    arg [-lmsvcrt] ==> lib [msvcrt]
    arg [-ladvapi32] ==> lib [advapi32]
    arg [-lshell32] ==> lib [shell32]
    arg [-luser32] ==> lib [user32]
    arg [-lkernel32] ==> lib [kernel32]
    arg [-lmingw32] ==> lib [mingw32]
    arg [-lgcc] ==> lib [gcc]
    arg [-lgcc_eh] ==> lib [gcc_eh]
    arg [-lmoldname] ==> lib [moldname]
    arg [-lmingwex] ==> lib [mingwex]
    arg [-lmsvcrt] ==> lib [msvcrt]
    arg [/usr/lib64/gcc/i686-w64-mingw32/4.9.2/crtend.o] ==> ignore
  remove lib [gcc]
  remove lib [gcc_eh]
  remove lib [gcc]
  remove lib [gcc_eh]
  collapse library dir [/usr/lib64/gcc/i686-w64-mingw32/4.9.2] ==> [/usr/lib64/gcc/i686-w64-mingw32/4.9.2]
  collapse library dir [/usr/lib64/gcc/i686-w64-mingw32/4.9.2/../../../../i686-w64-mingw32/lib/../lib] ==> [/usr/i686-w64-mingw32/lib]
  collapse library dir [/usr/i686-w64-mingw32/sys-root/mingw/lib/../lib] ==> [/usr/i686-w64-mingw32/sys-root/mingw/lib]
  collapse library dir [/usr/lib64/gcc/i686-w64-mingw32/4.9.2/../../../../i686-w64-mingw32/lib] ==> [/usr/i686-w64-mingw32/lib]
  collapse library dir [/usr/i686-w64-mingw32/sys-root/mingw/lib] ==> [/usr/i686-w64-mingw32/sys-root/mingw/lib]
  implicit libs: [mingw32;moldname;mingwex;msvcrt;advapi32;shell32;user32;kernel32;mingw32;moldname;mingwex;msvcrt]
  implicit dirs: [/usr/lib64/gcc/i686-w64-mingw32/4.9.2;/usr/i686-w64-mingw32/lib;/usr/i686-w64-mingw32/sys-root/mingw/lib]
  implicit fwks: []




Detecting C [-std=c11] compiler features compiled with the following output:
Change Dir: /home/vanquan/client/build-win32/CMakeFiles/CMakeTmp

Run Build Command:"/usr/bin/gmake" "cmTC_4e6cf/fast"
/usr/bin/gmake -f CMakeFiles/cmTC_4e6cf.dir/build.make CMakeFiles/cmTC_4e6cf.dir/build
gmake[1]: Entering directory '/home/vanquan/client/build-win32/CMakeFiles/CMakeTmp'
Building C object CMakeFiles/cmTC_4e6cf.dir/feature_tests.c.obj
/usr/bin/i686-w64-mingw32-gcc    -std=c11 -o CMakeFiles/cmTC_4e6cf.dir/feature_tests.c.obj   -c /home/vanquan/client/build-win32/CMakeFiles/feature_tests.c
Linking C executable cmTC_4e6cf.exe
/usr/bin/cmake -E cmake_link_script CMakeFiles/cmTC_4e6cf.dir/link.txt --verbose=1
/usr/bin/cmake -E remove -f CMakeFiles/cmTC_4e6cf.dir/objects.a
/usr/bin/i686-w64-mingw32-ar cr CMakeFiles/cmTC_4e6cf.dir/objects.a @CMakeFiles/cmTC_4e6cf.dir/objects1.rsp
/usr/bin/i686-w64-mingw32-gcc       -Wl,--whole-archive CMakeFiles/cmTC_4e6cf.dir/objects.a -Wl,--no-whole-archive  -o cmTC_4e6cf.exe -Wl,--out-implib,libcmTC_4e6cf.dll.a -Wl,--major-image-version,0,--minor-image-version,0 @CMakeFiles/cmTC_4e6cf.dir/linklibs.rsp
gmake[1]: Leaving directory '/home/vanquan/client/build-win32/CMakeFiles/CMakeTmp'


    Feature record: C_FEATURE:1c_function_prototypes
    Feature record: C_FEATURE:1c_restrict
    Feature record: C_FEATURE:1c_static_assert
    Feature record: C_FEATURE:1c_variadic_macros


Detecting C [-std=c99] compiler features compiled with the following output:
Change Dir: /home/vanquan/client/build-win32/CMakeFiles/CMakeTmp

Run Build Command:"/usr/bin/gmake" "cmTC_979d0/fast"
/usr/bin/gmake -f CMakeFiles/cmTC_979d0.dir/build.make CMakeFiles/cmTC_979d0.dir/build
gmake[1]: Entering directory '/home/vanquan/client/build-win32/CMakeFiles/CMakeTmp'
Building C object CMakeFiles/cmTC_979d0.dir/feature_tests.c.obj
/usr/bin/i686-w64-mingw32-gcc    -std=c99 -o CMakeFiles/cmTC_979d0.dir/feature_tests.c.obj   -c /home/vanquan/client/build-win32/CMakeFiles/feature_tests.c
Linking C executable cmTC_979d0.exe
/usr/bin/cmake -E cmake_link_script CMakeFiles/cmTC_979d0.dir/link.txt --verbose=1
/usr/bin/cmake -E remove -f CMakeFiles/cmTC_979d0.dir/objects.a
/usr/bin/i686-w64-mingw32-ar cr CMakeFiles/cmTC_979d0.dir/objects.a @CMakeFiles/cmTC_979d0.dir/objects1.rsp
/usr/bin/i686-w64-mingw32-gcc       -Wl,--whole-archive CMakeFiles/cmTC_979d0.dir/objects.a -Wl,--no-whole-archive  -o cmTC_979d0.exe -Wl,--out-implib,libcmTC_979d0.dll.a -Wl,--major-image-version,0,--minor-image-version,0 @CMakeFiles/cmTC_979d0.dir/linklibs.rsp
gmake[1]: Leaving directory '/home/vanquan/client/build-win32/CMakeFiles/CMakeTmp'


    Feature record: C_FEATURE:1c_function_prototypes
    Feature record: C_FEATURE:1c_restrict
    Feature record: C_FEATURE:0c_static_assert
    Feature record: C_FEATURE:1c_variadic_macros


Detecting C [-std=c90] compiler features compiled with the following output:
Change Dir: /home/vanquan/client/build-win32/CMakeFiles/CMakeTmp

Run Build Command:"/usr/bin/gmake" "cmTC_f3057/fast"
/usr/bin/gmake -f CMakeFiles/cmTC_f3057.dir/build.make CMakeFiles/cmTC_f3057.dir/build
gmake[1]: Entering directory '/home/vanquan/client/build-win32/CMakeFiles/CMakeTmp'
Building C object CMakeFiles/cmTC_f3057.dir/feature_tests.c.obj
/usr/bin/i686-w64-mingw32-gcc    -std=c90 -o CMakeFiles/cmTC_f3057.dir/feature_tests.c.obj   -c /home/vanquan/client/build-win32/CMakeFiles/feature_tests.c
Linking C executable cmTC_f3057.exe
/usr/bin/cmake -E cmake_link_script CMakeFiles/cmTC_f3057.dir/link.txt --verbose=1
/usr/bin/cmake -E remove -f CMakeFiles/cmTC_f3057.dir/objects.a
/usr/bin/i686-w64-mingw32-ar cr CMakeFiles/cmTC_f3057.dir/objects.a @CMakeFiles/cmTC_f3057.dir/objects1.rsp
/usr/bin/i686-w64-mingw32-gcc       -Wl,--whole-archive CMakeFiles/cmTC_f3057.dir/objects.a -Wl,--no-whole-archive  -o cmTC_f3057.exe -Wl,--out-implib,libcmTC_f3057.dll.a -Wl,--major-image-version,0,--minor-image-version,0 @CMakeFiles/cmTC_f3057.dir/linklibs.rsp
gmake[1]: Leaving directory '/home/vanquan/client/build-win32/CMakeFiles/CMakeTmp'


    Feature record: C_FEATURE:1c_function_prototypes
    Feature record: C_FEATURE:0c_restrict
    Feature record: C_FEATURE:0c_static_assert
    Feature record: C_FEATURE:0c_variadic_macros
Determining if the CXX compiler works passed with the following output:
Change Dir: /home/vanquan/client/build-win32/CMakeFiles/CMakeTmp

Run Build Command:"/usr/bin/gmake" "cmTC_093a0/fast"
/usr/bin/gmake -f CMakeFiles/cmTC_093a0.dir/build.make CMakeFiles/cmTC_093a0.dir/build
gmake[1]: Entering directory '/home/vanquan/client/build-win32/CMakeFiles/CMakeTmp'
Building CXX object CMakeFiles/cmTC_093a0.dir/testCXXCompiler.cxx.obj
/usr/bin/i686-w64-mingw32-g++      -o CMakeFiles/cmTC_093a0.dir/testCXXCompiler.cxx.obj -c /home/vanquan/client/build-win32/CMakeFiles/CMakeTmp/testCXXCompiler.cxx
Linking CXX executable cmTC_093a0.exe
/usr/bin/cmake -E cmake_link_script CMakeFiles/cmTC_093a0.dir/link.txt --verbose=1
/usr/bin/cmake -E remove -f CMakeFiles/cmTC_093a0.dir/objects.a
/usr/bin/i686-w64-mingw32-ar cr CMakeFiles/cmTC_093a0.dir/objects.a @CMakeFiles/cmTC_093a0.dir/objects1.rsp
/usr/bin/i686-w64-mingw32-g++       -Wl,--whole-archive CMakeFiles/cmTC_093a0.dir/objects.a -Wl,--no-whole-archive  -o cmTC_093a0.exe -Wl,--out-implib,libcmTC_093a0.dll.a -Wl,--major-image-version,0,--minor-image-version,0 @CMakeFiles/cmTC_093a0.dir/linklibs.rsp
gmake[1]: Leaving directory '/home/vanquan/client/build-win32/CMakeFiles/CMakeTmp'


Detecting CXX compiler ABI info compiled with the following output:
Change Dir: /home/vanquan/client/build-win32/CMakeFiles/CMakeTmp

Run Build Command:"/usr/bin/gmake" "cmTC_e90ec/fast"
/usr/bin/gmake -f CMakeFiles/cmTC_e90ec.dir/build.make CMakeFiles/cmTC_e90ec.dir/build
gmake[1]: Entering directory '/home/vanquan/client/build-win32/CMakeFiles/CMakeTmp'
Building CXX object CMakeFiles/cmTC_e90ec.dir/CMakeCXXCompilerABI.cpp.obj
/usr/bin/i686-w64-mingw32-g++      -o CMakeFiles/cmTC_e90ec.dir/CMakeCXXCompilerABI.cpp.obj -c /usr/share/cmake/Modules/CMakeCXXCompilerABI.cpp
Linking CXX executable cmTC_e90ec.exe
/usr/bin/cmake -E cmake_link_script CMakeFiles/cmTC_e90ec.dir/link.txt --verbose=1
/usr/bin/cmake -E remove -f CMakeFiles/cmTC_e90ec.dir/objects.a
/usr/bin/i686-w64-mingw32-ar cr CMakeFiles/cmTC_e90ec.dir/objects.a @CMakeFiles/cmTC_e90ec.dir/objects1.rsp
/usr/bin/i686-w64-mingw32-g++      -v -Wl,--whole-archive CMakeFiles/cmTC_e90ec.dir/objects.a -Wl,--no-whole-archive  -o cmTC_e90ec.exe -Wl,--out-implib,libcmTC_e90ec.dll.a -Wl,--major-image-version,0,--minor-image-version,0   
Using built-in specs.
COLLECT_GCC=/usr/bin/i686-w64-mingw32-g++
COLLECT_LTO_WRAPPER=/usr/lib64/gcc/i686-w64-mingw32/4.9.2/lto-wrapper
Target: i686-w64-mingw32
Configured with: ../configure --prefix=/usr --bindir=/usr/bin --includedir=/usr/include --libdir=/usr/lib64 --libexecdir=/usr/lib64 --mandir=/usr/share/man --infodir=/usr/share/info --datadir=/usr/share --build=x86_64-suse-linux-gnu --host=x86_64-suse-linux-gnu --target=i686-w64-mingw32 --with-gnu-as --with-gnu-ld --verbose --without-newlib --disable-multilib --disable-plugin --with-system-zlib --disable-nls --without-included-gettext --disable-win32-registry --enable-version-specific-runtime-libs --with-sysroot=/usr/i686-w64-mingw32/sys-root --enable-languages=c,c++,fortran,objc,obj-c++,java --enable-libgcj --enable-java-gc-boehm --disable-libgcj-debug --without-x --enable-hash-synchronization --enable-fully-dynamic-strings --enable-libgomp --enable-linker-build-id
Thread model: win32
gcc version 4.9.2 (GCC) 
COMPILER_PATH=/usr/lib64/gcc/i686-w64-mingw32/4.9.2/:/usr/lib64/gcc/i686-w64-mingw32/4.9.2/:/usr/lib64/gcc/i686-w64-mingw32/:/usr/lib64/gcc/i686-w64-mingw32/4.9.2/:/usr/lib64/gcc/i686-w64-mingw32/:/usr/lib64/gcc/i686-w64-mingw32/4.9.2/../../../../i686-w64-mingw32/bin/
LIBRARY_PATH=/usr/lib64/gcc/i686-w64-mingw32/4.9.2/:/usr/lib64/gcc/i686-w64-mingw32/4.9.2/../../../../i686-w64-mingw32/lib/../lib/:/usr/i686-w64-mingw32/sys-root/mingw/lib/../lib/:/usr/lib64/gcc/i686-w64-mingw32/4.9.2/../../../../i686-w64-mingw32/lib/:/usr/i686-w64-mingw32/sys-root/mingw/lib/
COLLECT_GCC_OPTIONS='-v' '-o' 'cmTC_e90ec.exe' '-shared-libgcc' '-mtune=generic' '-march=pentiumpro'
 /usr/lib64/gcc/i686-w64-mingw32/4.9.2/collect2 -plugin /usr/lib64/gcc/i686-w64-mingw32/4.9.2/liblto_plugin.so -plugin-opt=/usr/lib64/gcc/i686-w64-mingw32/4.9.2/lto-wrapper -plugin-opt=-fresolution=/tmp/cc7ahQPv.res -plugin-opt=-pass-through=-lmingw32 -plugin-opt=-pass-through=-lgcc_s -plugin-opt=-pass-through=-lgcc -plugin-opt=-pass-through=-lmoldname -plugin-opt=-pass-through=-lmingwex -plugin-opt=-pass-through=-lmsvcrt -plugin-opt=-pass-through=-ladvapi32 -plugin-opt=-pass-through=-lshell32 -plugin-opt=-pass-through=-luser32 -plugin-opt=-pass-through=-lkernel32 -plugin-opt=-pass-through=-lmingw32 -plugin-opt=-pass-through=-lgcc_s -plugin-opt=-pass-through=-lgcc -plugin-opt=-pass-through=-lmoldname -plugin-opt=-pass-through=-lmingwex -plugin-opt=-pass-through=-lmsvcrt --sysroot=/usr/i686-w64-mingw32/sys-root --build-id -m i386pe -Bdynamic -o cmTC_e90ec.exe /usr/i686-w64-mingw32/sys-root/mingw/lib/../lib/crt2.o /usr/lib64/gcc/i686-w64-mingw32/4.9.2/crtbegin.o -L/usr/lib64/gcc/i686-w64-mingw32/4.9.2 -L/usr/lib64/gcc/i686-w64-mingw32/4.9.2/../../../../i686-w64-mingw32/lib/../lib -L/usr/i686-w64-mingw32/sys-root/mingw/lib/../lib -L/usr/lib64/gcc/i686-w64-mingw32/4.9.2/../../../../i686-w64-mingw32/lib -L/usr/i686-w64-mingw32/sys-root/mingw/lib --whole-archive CMakeFiles/cmTC_e90ec.dir/objects.a --no-whole-archive --out-implib libcmTC_e90ec.dll.a --major-image-version 0 --minor-image-version 0 -lstdc++ -lmingw32 -lgcc_s -lgcc -lmoldname -lmingwex -lmsvcrt -ladvapi32 -lshell32 -luser32 -lkernel32 -lmingw32 -lgcc_s -lgcc -lmoldname -lmingwex -lmsvcrt /usr/lib64/gcc/i686-w64-mingw32/4.9.2/crtend.o
gmake[1]: Leaving directory '/home/vanquan/client/build-win32/CMakeFiles/CMakeTmp'


Parsed CXX implicit link information from above output:
  link line regex: [^( *|.*[/\])(i686-w64-mingw32-ld|([^/\]+-)?ld|collect2)[^/\]*( |$)]
  ignore line: [Change Dir: /home/vanquan/client/build-win32/CMakeFiles/CMakeTmp]
  ignore line: []
  ignore line: [Run Build Command:"/usr/bin/gmake" "cmTC_e90ec/fast"]
  ignore line: [/usr/bin/gmake -f CMakeFiles/cmTC_e90ec.dir/build.make CMakeFiles/cmTC_e90ec.dir/build]
  ignore line: [gmake[1]: Entering directory '/home/vanquan/client/build-win32/CMakeFiles/CMakeTmp']
  ignore line: [Building CXX object CMakeFiles/cmTC_e90ec.dir/CMakeCXXCompilerABI.cpp.obj]
  ignore line: [/usr/bin/i686-w64-mingw32-g++      -o CMakeFiles/cmTC_e90ec.dir/CMakeCXXCompilerABI.cpp.obj -c /usr/share/cmake/Modules/CMakeCXXCompilerABI.cpp]
  ignore line: [Linking CXX executable cmTC_e90ec.exe]
  ignore line: [/usr/bin/cmake -E cmake_link_script CMakeFiles/cmTC_e90ec.dir/link.txt --verbose=1]
  ignore line: [/usr/bin/cmake -E remove -f CMakeFiles/cmTC_e90ec.dir/objects.a]
  ignore line: [/usr/bin/i686-w64-mingw32-ar cr CMakeFiles/cmTC_e90ec.dir/objects.a @CMakeFiles/cmTC_e90ec.dir/objects1.rsp]
  ignore line: [/usr/bin/i686-w64-mingw32-g++      -v -Wl,--whole-archive CMakeFiles/cmTC_e90ec.dir/objects.a -Wl,--no-whole-archive  -o cmTC_e90ec.exe -Wl,--out-implib,libcmTC_e90ec.dll.a -Wl,--major-image-version,0,--minor-image-version,0   ]
  ignore line: [Using built-in specs.]
  ignore line: [COLLECT_GCC=/usr/bin/i686-w64-mingw32-g++]
  ignore line: [COLLECT_LTO_WRAPPER=/usr/lib64/gcc/i686-w64-mingw32/4.9.2/lto-wrapper]
  ignore line: [Target: i686-w64-mingw32]
  ignore line: [Configured with: ../configure --prefix=/usr --bindir=/usr/bin --includedir=/usr/include --libdir=/usr/lib64 --libexecdir=/usr/lib64 --mandir=/usr/share/man --infodir=/usr/share/info --datadir=/usr/share --build=x86_64-suse-linux-gnu --host=x86_64-suse-linux-gnu --target=i686-w64-mingw32 --with-gnu-as --with-gnu-ld --verbose --without-newlib --disable-multilib --disable-plugin --with-system-zlib --disable-nls --without-included-gettext --disable-win32-registry --enable-version-specific-runtime-libs --with-sysroot=/usr/i686-w64-mingw32/sys-root --enable-languages=c,c++,fortran,objc,obj-c++,java --enable-libgcj --enable-java-gc-boehm --disable-libgcj-debug --without-x --enable-hash-synchronization --enable-fully-dynamic-strings --enable-libgomp --enable-linker-build-id]
  ignore line: [Thread model: win32]
  ignore line: [gcc version 4.9.2 (GCC) ]
  ignore line: [COMPILER_PATH=/usr/lib64/gcc/i686-w64-mingw32/4.9.2/:/usr/lib64/gcc/i686-w64-mingw32/4.9.2/:/usr/lib64/gcc/i686-w64-mingw32/:/usr/lib64/gcc/i686-w64-mingw32/4.9.2/:/usr/lib64/gcc/i686-w64-mingw32/:/usr/lib64/gcc/i686-w64-mingw32/4.9.2/../../../../i686-w64-mingw32/bin/]
  ignore line: [LIBRARY_PATH=/usr/lib64/gcc/i686-w64-mingw32/4.9.2/:/usr/lib64/gcc/i686-w64-mingw32/4.9.2/../../../../i686-w64-mingw32/lib/../lib/:/usr/i686-w64-mingw32/sys-root/mingw/lib/../lib/:/usr/lib64/gcc/i686-w64-mingw32/4.9.2/../../../../i686-w64-mingw32/lib/:/usr/i686-w64-mingw32/sys-root/mingw/lib/]
  ignore line: [COLLECT_GCC_OPTIONS='-v' '-o' 'cmTC_e90ec.exe' '-shared-libgcc' '-mtune=generic' '-march=pentiumpro']
  link line: [ /usr/lib64/gcc/i686-w64-mingw32/4.9.2/collect2 -plugin /usr/lib64/gcc/i686-w64-mingw32/4.9.2/liblto_plugin.so -plugin-opt=/usr/lib64/gcc/i686-w64-mingw32/4.9.2/lto-wrapper -plugin-opt=-fresolution=/tmp/cc7ahQPv.res -plugin-opt=-pass-through=-lmingw32 -plugin-opt=-pass-through=-lgcc_s -plugin-opt=-pass-through=-lgcc -plugin-opt=-pass-through=-lmoldname -plugin-opt=-pass-through=-lmingwex -plugin-opt=-pass-through=-lmsvcrt -plugin-opt=-pass-through=-ladvapi32 -plugin-opt=-pass-through=-lshell32 -plugin-opt=-pass-through=-luser32 -plugin-opt=-pass-through=-lkernel32 -plugin-opt=-pass-through=-lmingw32 -plugin-opt=-pass-through=-lgcc_s -plugin-opt=-pass-through=-lgcc -plugin-opt=-pass-through=-lmoldname -plugin-opt=-pass-through=-lmingwex -plugin-opt=-pass-through=-lmsvcrt --sysroot=/usr/i686-w64-mingw32/sys-root --build-id -m i386pe -Bdynamic -o cmTC_e90ec.exe /usr/i686-w64-mingw32/sys-root/mingw/lib/../lib/crt2.o /usr/lib64/gcc/i686-w64-mingw32/4.9.2/crtbegin.o -L/usr/lib64/gcc/i686-w64-mingw32/4.9.2 -L/usr/lib64/gcc/i686-w64-mingw32/4.9.2/../../../../i686-w64-mingw32/lib/../lib -L/usr/i686-w64-mingw32/sys-root/mingw/lib/../lib -L/usr/lib64/gcc/i686-w64-mingw32/4.9.2/../../../../i686-w64-mingw32/lib -L/usr/i686-w64-mingw32/sys-root/mingw/lib --whole-archive CMakeFiles/cmTC_e90ec.dir/objects.a --no-whole-archive --out-implib libcmTC_e90ec.dll.a --major-image-version 0 --minor-image-version 0 -lstdc++ -lmingw32 -lgcc_s -lgcc -lmoldname -lmingwex -lmsvcrt -ladvapi32 -lshell32 -luser32 -lkernel32 -lmingw32 -lgcc_s -lgcc -lmoldname -lmingwex -lmsvcrt /usr/lib64/gcc/i686-w64-mingw32/4.9.2/crtend.o]
    arg [/usr/lib64/gcc/i686-w64-mingw32/4.9.2/collect2] ==> ignore
    arg [-plugin] ==> ignore
    arg [/usr/lib64/gcc/i686-w64-mingw32/4.9.2/liblto_plugin.so] ==> ignore
    arg [-plugin-opt=/usr/lib64/gcc/i686-w64-mingw32/4.9.2/lto-wrapper] ==> ignore
    arg [-plugin-opt=-fresolution=/tmp/cc7ahQPv.res] ==> ignore
    arg [-plugin-opt=-pass-through=-lmingw32] ==> ignore
    arg [-plugin-opt=-pass-through=-lgcc_s] ==> ignore
    arg [-plugin-opt=-pass-through=-lgcc] ==> ignore
    arg [-plugin-opt=-pass-through=-lmoldname] ==> ignore
    arg [-plugin-opt=-pass-through=-lmingwex] ==> ignore
    arg [-plugin-opt=-pass-through=-lmsvcrt] ==> ignore
    arg [-plugin-opt=-pass-through=-ladvapi32] ==> ignore
    arg [-plugin-opt=-pass-through=-lshell32] ==> ignore
    arg [-plugin-opt=-pass-through=-luser32] ==> ignore
    arg [-plugin-opt=-pass-through=-lkernel32] ==> ignore
    arg [-plugin-opt=-pass-through=-lmingw32] ==> ignore
    arg [-plugin-opt=-pass-through=-lgcc_s] ==> ignore
    arg [-plugin-opt=-pass-through=-lgcc] ==> ignore
    arg [-plugin-opt=-pass-through=-lmoldname] ==> ignore
    arg [-plugin-opt=-pass-through=-lmingwex] ==> ignore
    arg [-plugin-opt=-pass-through=-lmsvcrt] ==> ignore
    arg [--sysroot=/usr/i686-w64-mingw32/sys-root] ==> ignore
    arg [--build-id] ==> ignore
    arg [-m] ==> ignore
    arg [i386pe] ==> ignore
    arg [-Bdynamic] ==> ignore
    arg [-o] ==> ignore
    arg [cmTC_e90ec.exe] ==> ignore
    arg [/usr/i686-w64-mingw32/sys-root/mingw/lib/../lib/crt2.o] ==> ignore
    arg [/usr/lib64/gcc/i686-w64-mingw32/4.9.2/crtbegin.o] ==> ignore
    arg [-L/usr/lib64/gcc/i686-w64-mingw32/4.9.2] ==> dir [/usr/lib64/gcc/i686-w64-mingw32/4.9.2]
    arg [-L/usr/lib64/gcc/i686-w64-mingw32/4.9.2/../../../../i686-w64-mingw32/lib/../lib] ==> dir [/usr/lib64/gcc/i686-w64-mingw32/4.9.2/../../../../i686-w64-mingw32/lib/../lib]
    arg [-L/usr/i686-w64-mingw32/sys-root/mingw/lib/../lib] ==> dir [/usr/i686-w64-mingw32/sys-root/mingw/lib/../lib]
    arg [-L/usr/lib64/gcc/i686-w64-mingw32/4.9.2/../../../../i686-w64-mingw32/lib] ==> dir [/usr/lib64/gcc/i686-w64-mingw32/4.9.2/../../../../i686-w64-mingw32/lib]
    arg [-L/usr/i686-w64-mingw32/sys-root/mingw/lib] ==> dir [/usr/i686-w64-mingw32/sys-root/mingw/lib]
    arg [--whole-archive] ==> ignore
    arg [CMakeFiles/cmTC_e90ec.dir/objects.a] ==> ignore
    arg [--no-whole-archive] ==> ignore
    arg [--out-implib] ==> ignore
    arg [libcmTC_e90ec.dll.a] ==> ignore
    arg [--major-image-version] ==> ignore
    arg [0] ==> ignore
    arg [--minor-image-version] ==> ignore
    arg [0] ==> ignore
    arg [-lstdc++] ==> lib [stdc++]
    arg [-lmingw32] ==> lib [mingw32]
    arg [-lgcc_s] ==> lib [gcc_s]
    arg [-lgcc] ==> lib [gcc]
    arg [-lmoldname] ==> lib [moldname]
    arg [-lmingwex] ==> lib [mingwex]
    arg [-lmsvcrt] ==> lib [msvcrt]
    arg [-ladvapi32] ==> lib [advapi32]
    arg [-lshell32] ==> lib [shell32]
    arg [-luser32] ==> lib [user32]
    arg [-lkernel32] ==> lib [kernel32]
    arg [-lmingw32] ==> lib [mingw32]
    arg [-lgcc_s] ==> lib [gcc_s]
    arg [-lgcc] ==> lib [gcc]
    arg [-lmoldname] ==> lib [moldname]
    arg [-lmingwex] ==> lib [mingwex]
    arg [-lmsvcrt] ==> lib [msvcrt]
    arg [/usr/lib64/gcc/i686-w64-mingw32/4.9.2/crtend.o] ==> ignore
  remove lib [gcc_s]
  remove lib [gcc]
  remove lib [gcc_s]
  remove lib [gcc]
  collapse library dir [/usr/lib64/gcc/i686-w64-mingw32/4.9.2] ==> [/usr/lib64/gcc/i686-w64-mingw32/4.9.2]
  collapse library dir [/usr/lib64/gcc/i686-w64-mingw32/4.9.2/../../../../i686-w64-mingw32/lib/../lib] ==> [/usr/i686-w64-mingw32/lib]
  collapse library dir [/usr/i686-w64-mingw32/sys-root/mingw/lib/../lib] ==> [/usr/i686-w64-mingw32/sys-root/mingw/lib]
  collapse library dir [/usr/lib64/gcc/i686-w64-mingw32/4.9.2/../../../../i686-w64-mingw32/lib] ==> [/usr/i686-w64-mingw32/lib]
  collapse library dir [/usr/i686-w64-mingw32/sys-root/mingw/lib] ==> [/usr/i686-w64-mingw32/sys-root/mingw/lib]
  implicit libs: [stdc++;mingw32;moldname;mingwex;msvcrt;advapi32;shell32;user32;kernel32;mingw32;moldname;mingwex;msvcrt]
  implicit dirs: [/usr/lib64/gcc/i686-w64-mingw32/4.9.2;/usr/i686-w64-mingw32/lib;/usr/i686-w64-mingw32/sys-root/mingw/lib]
  implicit fwks: []




Detecting CXX [-std=c++14] compiler features compiled with the following output:
Change Dir: /home/vanquan/client/build-win32/CMakeFiles/CMakeTmp

Run Build Command:"/usr/bin/gmake" "cmTC_67af0/fast"
/usr/bin/gmake -f CMakeFiles/cmTC_67af0.dir/build.make CMakeFiles/cmTC_67af0.dir/build
gmake[1]: Entering directory '/home/vanquan/client/build-win32/CMakeFiles/CMakeTmp'
Building CXX object CMakeFiles/cmTC_67af0.dir/feature_tests.cxx.obj
/usr/bin/i686-w64-mingw32-g++     -std=c++14 -o CMakeFiles/cmTC_67af0.dir/feature_tests.cxx.obj -c /home/vanquan/client/build-win32/CMakeFiles/feature_tests.cxx
Linking CXX executable cmTC_67af0.exe
/usr/bin/cmake -E cmake_link_script CMakeFiles/cmTC_67af0.dir/link.txt --verbose=1
/usr/bin/cmake -E remove -f CMakeFiles/cmTC_67af0.dir/objects.a
/usr/bin/i686-w64-mingw32-ar cr CMakeFiles/cmTC_67af0.dir/objects.a @CMakeFiles/cmTC_67af0.dir/objects1.rsp
/usr/bin/i686-w64-mingw32-g++       -Wl,--whole-archive CMakeFiles/cmTC_67af0.dir/objects.a -Wl,--no-whole-archive  -o cmTC_67af0.exe -Wl,--out-implib,libcmTC_67af0.dll.a -Wl,--major-image-version,0,--minor-image-version,0 @CMakeFiles/cmTC_67af0.dir/linklibs.rsp
gmake[1]: Leaving directory '/home/vanquan/client/build-win32/CMakeFiles/CMakeTmp'


    Feature record: CXX_FEATURE:0cxx_aggregate_default_initializers
    Feature record: CXX_FEATURE:1cxx_alias_templates
    Feature record: CXX_FEATURE:1cxx_alignas
    Feature record: CXX_FEATURE:1cxx_alignof
    Feature record: CXX_FEATURE:1cxx_attributes
    Feature record: CXX_FEATURE:1cxx_attribute_deprecated
    Feature record: CXX_FEATURE:1cxx_auto_type
    Feature record: CXX_FEATURE:1cxx_binary_literals
    Feature record: CXX_FEATURE:1cxx_constexpr
    Feature record: CXX_FEATURE:1cxx_contextual_conversions
    Feature record: CXX_FEATURE:1cxx_decltype
    Feature record: CXX_FEATURE:1cxx_decltype_auto
    Feature record: CXX_FEATURE:1cxx_decltype_incomplete_return_types
    Feature record: CXX_FEATURE:1cxx_default_function_template_args
    Feature record: CXX_FEATURE:1cxx_defaulted_functions
    Feature record: CXX_FEATURE:1cxx_defaulted_move_initializers
    Feature record: CXX_FEATURE:1cxx_delegating_constructors
    Feature record: CXX_FEATURE:1cxx_deleted_functions
    Feature record: CXX_FEATURE:1cxx_digit_separators
    Feature record: CXX_FEATURE:1cxx_enum_forward_declarations
    Feature record: CXX_FEATURE:1cxx_explicit_conversions
    Feature record: CXX_FEATURE:1cxx_extended_friend_declarations
    Feature record: CXX_FEATURE:1cxx_extern_templates
    Feature record: CXX_FEATURE:1cxx_final
    Feature record: CXX_FEATURE:1cxx_func_identifier
    Feature record: CXX_FEATURE:1cxx_generalized_initializers
    Feature record: CXX_FEATURE:1cxx_generic_lambdas
    Feature record: CXX_FEATURE:1cxx_inheriting_constructors
    Feature record: CXX_FEATURE:1cxx_inline_namespaces
    Feature record: CXX_FEATURE:1cxx_lambdas
    Feature record: CXX_FEATURE:1cxx_lambda_init_captures
    Feature record: CXX_FEATURE:1cxx_local_type_template_args
    Feature record: CXX_FEATURE:1cxx_long_long_type
    Feature record: CXX_FEATURE:1cxx_noexcept
    Feature record: CXX_FEATURE:1cxx_nonstatic_member_init
    Feature record: CXX_FEATURE:1cxx_nullptr
    Feature record: CXX_FEATURE:1cxx_override
    Feature record: CXX_FEATURE:1cxx_range_for
    Feature record: CXX_FEATURE:1cxx_raw_string_literals
    Feature record: CXX_FEATURE:1cxx_reference_qualified_functions
    Feature record: CXX_FEATURE:0cxx_relaxed_constexpr
    Feature record: CXX_FEATURE:1cxx_return_type_deduction
    Feature record: CXX_FEATURE:1cxx_right_angle_brackets
    Feature record: CXX_FEATURE:1cxx_rvalue_references
    Feature record: CXX_FEATURE:1cxx_sizeof_member
    Feature record: CXX_FEATURE:1cxx_static_assert
    Feature record: CXX_FEATURE:1cxx_strong_enums
    Feature record: CXX_FEATURE:1cxx_template_template_parameters
    Feature record: CXX_FEATURE:1cxx_thread_local
    Feature record: CXX_FEATURE:1cxx_trailing_return_types
    Feature record: CXX_FEATURE:1cxx_unicode_literals
    Feature record: CXX_FEATURE:1cxx_uniform_initialization
    Feature record: CXX_FEATURE:1cxx_unrestricted_unions
    Feature record: CXX_FEATURE:1cxx_user_literals
    Feature record: CXX_FEATURE:0cxx_variable_templates
    Feature record: CXX_FEATURE:1cxx_variadic_macros
    Feature record: CXX_FEATURE:1cxx_variadic_templates


Detecting CXX [-std=c++11] compiler features compiled with the following output:
Change Dir: /home/vanquan/client/build-win32/CMakeFiles/CMakeTmp

Run Build Command:"/usr/bin/gmake" "cmTC_ac49e/fast"
/usr/bin/gmake -f CMakeFiles/cmTC_ac49e.dir/build.make CMakeFiles/cmTC_ac49e.dir/build
gmake[1]: Entering directory '/home/vanquan/client/build-win32/CMakeFiles/CMakeTmp'
Building CXX object CMakeFiles/cmTC_ac49e.dir/feature_tests.cxx.obj
/usr/bin/i686-w64-mingw32-g++     -std=c++11 -o CMakeFiles/cmTC_ac49e.dir/feature_tests.cxx.obj -c /home/vanquan/client/build-win32/CMakeFiles/feature_tests.cxx
Linking CXX executable cmTC_ac49e.exe
/usr/bin/cmake -E cmake_link_script CMakeFiles/cmTC_ac49e.dir/link.txt --verbose=1
/usr/bin/cmake -E remove -f CMakeFiles/cmTC_ac49e.dir/objects.a
/usr/bin/i686-w64-mingw32-ar cr CMakeFiles/cmTC_ac49e.dir/objects.a @CMakeFiles/cmTC_ac49e.dir/objects1.rsp
/usr/bin/i686-w64-mingw32-g++       -Wl,--whole-archive CMakeFiles/cmTC_ac49e.dir/objects.a -Wl,--no-whole-archive  -o cmTC_ac49e.exe -Wl,--out-implib,libcmTC_ac49e.dll.a -Wl,--major-image-version,0,--minor-image-version,0 @CMakeFiles/cmTC_ac49e.dir/linklibs.rsp
gmake[1]: Leaving directory '/home/vanquan/client/build-win32/CMakeFiles/CMakeTmp'


    Feature record: CXX_FEATURE:0cxx_aggregate_default_initializers
    Feature record: CXX_FEATURE:1cxx_alias_templates
    Feature record: CXX_FEATURE:1cxx_alignas
    Feature record: CXX_FEATURE:1cxx_alignof
    Feature record: CXX_FEATURE:1cxx_attributes
    Feature record: CXX_FEATURE:0cxx_attribute_deprecated
    Feature record: CXX_FEATURE:1cxx_auto_type
    Feature record: CXX_FEATURE:0cxx_binary_literals
    Feature record: CXX_FEATURE:1cxx_constexpr
    Feature record: CXX_FEATURE:0cxx_contextual_conversions
    Feature record: CXX_FEATURE:1cxx_decltype
    Feature record: CXX_FEATURE:0cxx_decltype_auto
    Feature record: CXX_FEATURE:1cxx_decltype_incomplete_return_types
    Feature record: CXX_FEATURE:1cxx_default_function_template_args
    Feature record: CXX_FEATURE:1cxx_defaulted_functions
    Feature record: CXX_FEATURE:1cxx_defaulted_move_initializers
    Feature record: CXX_FEATURE:1cxx_delegating_constructors
    Feature record: CXX_FEATURE:1cxx_deleted_functions
    Feature record: CXX_FEATURE:0cxx_digit_separators
    Feature record: CXX_FEATURE:1cxx_enum_forward_declarations
    Feature record: CXX_FEATURE:1cxx_explicit_conversions
    Feature record: CXX_FEATURE:1cxx_extended_friend_declarations
    Feature record: CXX_FEATURE:1cxx_extern_templates
    Feature record: CXX_FEATURE:1cxx_final
    Feature record: CXX_FEATURE:1cxx_func_identifier
    Feature record: CXX_FEATURE:1cxx_generalized_initializers
    Feature record: CXX_FEATURE:0cxx_generic_lambdas
    Feature record: CXX_FEATURE:1cxx_inheriting_constructors
    Feature record: CXX_FEATURE:1cxx_inline_namespaces
    Feature record: CXX_FEATURE:1cxx_lambdas
    Feature record: CXX_FEATURE:0cxx_lambda_init_captures
    Feature record: CXX_FEATURE:1cxx_local_type_template_args
    Feature record: CXX_FEATURE:1cxx_long_long_type
    Feature record: CXX_FEATURE:1cxx_noexcept
    Feature record: CXX_FEATURE:1cxx_nonstatic_member_init
    Feature record: CXX_FEATURE:1cxx_nullptr
    Feature record: CXX_FEATURE:1cxx_override
    Feature record: CXX_FEATURE:1cxx_range_for
    Feature record: CXX_FEATURE:1cxx_raw_string_literals
    Feature record: CXX_FEATURE:1cxx_reference_qualified_functions
    Feature record: CXX_FEATURE:0cxx_relaxed_constexpr
    Feature record: CXX_FEATURE:0cxx_return_type_deduction
    Feature record: CXX_FEATURE:1cxx_right_angle_brackets
    Feature record: CXX_FEATURE:1cxx_rvalue_references
    Feature record: CXX_FEATURE:1cxx_sizeof_member
    Feature record: CXX_FEATURE:1cxx_static_assert
    Feature record: CXX_FEATURE:1cxx_strong_enums
    Feature record: CXX_FEATURE:1cxx_template_template_parameters
    Feature record: CXX_FEATURE:1cxx_thread_local
    Feature record: CXX_FEATURE:1cxx_trailing_return_types
    Feature record: CXX_FEATURE:1cxx_unicode_literals
    Feature record: CXX_FEATURE:1cxx_uniform_initialization
    Feature record: CXX_FEATURE:1cxx_unrestricted_unions
    Feature record: CXX_FEATURE:1cxx_user_literals
    Feature record: CXX_FEATURE:0cxx_variable_templates
    Feature record: CXX_FEATURE:1cxx_variadic_macros
    Feature record: CXX_FEATURE:1cxx_variadic_templates


Detecting CXX [-std=c++98] compiler features compiled with the following output:
Change Dir: /home/vanquan/client/build-win32/CMakeFiles/CMakeTmp

Run Build Command:"/usr/bin/gmake" "cmTC_c370b/fast"
/usr/bin/gmake -f CMakeFiles/cmTC_c370b.dir/build.make CMakeFiles/cmTC_c370b.dir/build
gmake[1]: Entering directory '/home/vanquan/client/build-win32/CMakeFiles/CMakeTmp'
Building CXX object CMakeFiles/cmTC_c370b.dir/feature_tests.cxx.obj
/usr/bin/i686-w64-mingw32-g++     -std=c++98 -o CMakeFiles/cmTC_c370b.dir/feature_tests.cxx.obj -c /home/vanquan/client/build-win32/CMakeFiles/feature_tests.cxx
Linking CXX executable cmTC_c370b.exe
/usr/bin/cmake -E cmake_link_script CMakeFiles/cmTC_c370b.dir/link.txt --verbose=1
/usr/bin/cmake -E remove -f CMakeFiles/cmTC_c370b.dir/objects.a
/usr/bin/i686-w64-mingw32-ar cr CMakeFiles/cmTC_c370b.dir/objects.a @CMakeFiles/cmTC_c370b.dir/objects1.rsp
/usr/bin/i686-w64-mingw32-g++       -Wl,--whole-archive CMakeFiles/cmTC_c370b.dir/objects.a -Wl,--no-whole-archive  -o cmTC_c370b.exe -Wl,--out-implib,libcmTC_c370b.dll.a -Wl,--major-image-version,0,--minor-image-version,0 @CMakeFiles/cmTC_c370b.dir/linklibs.rsp
gmake[1]: Leaving directory '/home/vanquan/client/build-win32/CMakeFiles/CMakeTmp'


    Feature record: CXX_FEATURE:0cxx_aggregate_default_initializers
    Feature record: CXX_FEATURE:0cxx_alias_templates
    Feature record: CXX_FEATURE:0cxx_alignas
    Feature record: CXX_FEATURE:0cxx_alignof
    Feature record: CXX_FEATURE:0cxx_attributes
    Feature record: CXX_FEATURE:0cxx_attribute_deprecated
    Feature record: CXX_FEATURE:0cxx_auto_type
    Feature record: CXX_FEATURE:0cxx_binary_literals
    Feature record: CXX_FEATURE:0cxx_constexpr
    Feature record: CXX_FEATURE:0cxx_contextual_conversions
    Feature record: CXX_FEATURE:0cxx_decltype
    Feature record: CXX_FEATURE:0cxx_decltype_auto
    Feature record: CXX_FEATURE:0cxx_decltype_incomplete_return_types
    Feature record: CXX_FEATURE:0cxx_default_function_template_args
    Feature record: CXX_FEATURE:0cxx_defaulted_functions
    Feature record: CXX_FEATURE:0cxx_defaulted_move_initializers
    Feature record: CXX_FEATURE:0cxx_delegating_constructors
    Feature record: CXX_FEATURE:0cxx_deleted_functions
    Feature record: CXX_FEATURE:0cxx_digit_separators
    Feature record: CXX_FEATURE:0cxx_enum_forward_declarations
    Feature record: CXX_FEATURE:0cxx_explicit_conversions
    Feature record: CXX_FEATURE:0cxx_extended_friend_declarations
    Feature record: CXX_FEATURE:0cxx_extern_templates
    Feature record: CXX_FEATURE:0cxx_final
    Feature record: CXX_FEATURE:0cxx_func_identifier
    Feature record: CXX_FEATURE:0cxx_generalized_initializers
    Feature record: CXX_FEATURE:0cxx_generic_lambdas
    Feature record: CXX_FEATURE:0cxx_inheriting_constructors
    Feature record: CXX_FEATURE:0cxx_inline_namespaces
    Feature record: CXX_FEATURE:0cxx_lambdas
    Feature record: CXX_FEATURE:0cxx_lambda_init_captures
    Feature record: CXX_FEATURE:0cxx_local_type_template_args
    Feature record: CXX_FEATURE:0cxx_long_long_type
    Feature record: CXX_FEATURE:0cxx_noexcept
    Feature record: CXX_FEATURE:0cxx_nonstatic_member_init
    Feature record: CXX_FEATURE:0cxx_nullptr
    Feature record: CXX_FEATURE:0cxx_override
    Feature record: CXX_FEATURE:0cxx_range_for
    Feature record: CXX_FEATURE:0cxx_raw_string_literals
    Feature record: CXX_FEATURE:0cxx_reference_qualified_functions
    Feature record: CXX_FEATURE:0cxx_relaxed_constexpr
    Feature record: CXX_FEATURE:0cxx_return_type_deduction
    Feature record: CXX_FEATURE:0cxx_right_angle_brackets
    Feature record: CXX_FEATURE:0cxx_rvalue_references
    Feature record: CXX_FEATURE:0cxx_sizeof_member
    Feature record: CXX_FEATURE:0cxx_static_assert
    Feature record: CXX_FEATURE:0cxx_strong_enums
    Feature record: CXX_FEATURE:1cxx_template_template_parameters
    Feature record: CXX_FEATURE:0cxx_thread_local
    Feature record: CXX_FEATURE:0cxx_trailing_return_types
    Feature record: CXX_FEATURE:0cxx_unicode_literals
    Feature record: CXX_FEATURE:0cxx_uniform_initialization
    Feature record: CXX_FEATURE:0cxx_unrestricted_unions
    Feature record: CXX_FEATURE:0cxx_user_literals
    Feature record: CXX_FEATURE:0cxx_variable_templates
    Feature record: CXX_FEATURE:0cxx_variadic_macros
    Feature record: CXX_FEATURE:0cxx_variadic_templates
Performing C SOURCE FILE Test WITH_FPIC succeeded with the following output:
Change Dir: /home/vanquan/client/build-win32/CMakeFiles/CMakeTmp

Run Build Command:"/usr/bin/gmake" "cmTC_4c7a7/fast"
/usr/bin/gmake -f CMakeFiles/cmTC_4c7a7.dir/build.make CMakeFiles/cmTC_4c7a7.dir/build
gmake[1]: Entering directory '/home/vanquan/client/build-win32/CMakeFiles/CMakeTmp'
Building C object CMakeFiles/cmTC_4c7a7.dir/src.c.obj
/usr/bin/i686-w64-mingw32-gcc    -Wall -Wextra -Wshadow -Wmissing-prototypes -Wunused -Wfloat-equal -Wpointer-arith -Wwrite-strings -Wformat-security -Wmissing-format-attribute -Wmissing-format-attribute -D_GNU_SOURCE -D__STDC_FORMAT_MACROS=1 -DWITH_FPIC   -fPIC -o CMakeFiles/cmTC_4c7a7.dir/src.c.obj   -c /home/vanquan/client/build-win32/CMakeFiles/CMakeTmp/src.c
/home/vanquan/client/build-win32/CMakeFiles/CMakeTmp/src.c:1:0: warning: -fPIC ignored for target (all code is position independent)
 int main(void) { return 0; }
 ^
Linking C executable cmTC_4c7a7.exe
/usr/bin/cmake -E cmake_link_script CMakeFiles/cmTC_4c7a7.dir/link.txt --verbose=1
/usr/bin/cmake -E remove -f CMakeFiles/cmTC_4c7a7.dir/objects.a
/usr/bin/i686-w64-mingw32-ar cr CMakeFiles/cmTC_4c7a7.dir/objects.a @CMakeFiles/cmTC_4c7a7.dir/objects1.rsp
/usr/bin/i686-w64-mingw32-gcc   -Wall -Wextra -Wshadow -Wmissing-prototypes -Wunused -Wfloat-equal -Wpointer-arith -Wwrite-strings -Wformat-security -Wmissing-format-attribute -Wmissing-format-attribute -D_GNU_SOURCE -D__STDC_FORMAT_MACROS=1 -DWITH_FPIC    -Wl,--whole-archive CMakeFiles/cmTC_4c7a7.dir/objects.a -Wl,--no-whole-archive  -o cmTC_4c7a7.exe -Wl,--out-implib,libcmTC_4c7a7.dll.a -Wl,--major-image-version,0,--minor-image-version,0 @CMakeFiles/cmTC_4c7a7.dir/linklibs.rsp
gmake[1]: Leaving directory '/home/vanquan/client/build-win32/CMakeFiles/CMakeTmp'

Source file was:
int main(void) { return 0; }
Determining if the function asprintf exists passed with the following output:
Change Dir: /home/vanquan/client/build-win32/CMakeFiles/CMakeTmp

Run Build Command:"/usr/bin/gmake" "cmTC_d9329/fast"
/usr/bin/gmake -f CMakeFiles/cmTC_d9329.dir/build.make CMakeFiles/cmTC_d9329.dir/build
gmake[1]: Entering directory '/home/vanquan/client/build-win32/CMakeFiles/CMakeTmp'
Building C object CMakeFiles/cmTC_d9329.dir/CheckFunctionExists.c.obj
/usr/bin/i686-w64-mingw32-gcc    -Wall -Wextra -Wshadow -Wmissing-prototypes -Wunused -Wfloat-equal -Wpointer-arith -Wwrite-strings -Wformat-security -Wmissing-format-attribute -Wmissing-format-attribute -D_GNU_SOURCE -D__STDC_FORMAT_MACROS=1 -D_FILE_OFFSET_BITS=64 -DCHECK_FUNCTION_EXISTS=asprintf   -o CMakeFiles/cmTC_d9329.dir/CheckFunctionExists.c.obj   -c /usr/share/cmake/Modules/CheckFunctionExists.c
Linking C executable cmTC_d9329.exe
/usr/bin/cmake -E cmake_link_script CMakeFiles/cmTC_d9329.dir/link.txt --verbose=1
/usr/bin/cmake -E remove -f CMakeFiles/cmTC_d9329.dir/objects.a
/usr/bin/i686-w64-mingw32-ar cr CMakeFiles/cmTC_d9329.dir/objects.a @CMakeFiles/cmTC_d9329.dir/objects1.rsp
/usr/bin/i686-w64-mingw32-gcc   -Wall -Wextra -Wshadow -Wmissing-prototypes -Wunused -Wfloat-equal -Wpointer-arith -Wwrite-strings -Wformat-security -Wmissing-format-attribute -Wmissing-format-attribute -D_GNU_SOURCE -D__STDC_FORMAT_MACROS=1 -D_FILE_OFFSET_BITS=64 -DCHECK_FUNCTION_EXISTS=asprintf    -Wl,--whole-archive CMakeFiles/cmTC_d9329.dir/objects.a -Wl,--no-whole-archive  -o cmTC_d9329.exe -Wl,--out-implib,libcmTC_d9329.dll.a -Wl,--major-image-version,0,--minor-image-version,0 @CMakeFiles/cmTC_d9329.dir/linklibs.rsp
gmake[1]: Leaving directory '/home/vanquan/client/build-win32/CMakeFiles/CMakeTmp'


Determining if the function __mingw_asprintf exists passed with the following output:
Change Dir: /home/vanquan/client/build-win32/CMakeFiles/CMakeTmp

Run Build Command:"/usr/bin/gmake" "cmTC_0fff5/fast"
/usr/bin/gmake -f CMakeFiles/cmTC_0fff5.dir/build.make CMakeFiles/cmTC_0fff5.dir/build
gmake[1]: Entering directory '/home/vanquan/client/build-win32/CMakeFiles/CMakeTmp'
Building C object CMakeFiles/cmTC_0fff5.dir/CheckFunctionExists.c.obj
/usr/bin/i686-w64-mingw32-gcc    -Wall -Wextra -Wshadow -Wmissing-prototypes -Wunused -Wfloat-equal -Wpointer-arith -Wwrite-strings -Wformat-security -Wmissing-format-attribute -Wmissing-format-attribute -D_GNU_SOURCE -D__STDC_FORMAT_MACROS=1 -D_FILE_OFFSET_BITS=64 -DCHECK_FUNCTION_EXISTS=__mingw_asprintf   -o CMakeFiles/cmTC_0fff5.dir/CheckFunctionExists.c.obj   -c /usr/share/cmake/Modules/CheckFunctionExists.c
Linking C executable cmTC_0fff5.exe
/usr/bin/cmake -E cmake_link_script CMakeFiles/cmTC_0fff5.dir/link.txt --verbose=1
/usr/bin/cmake -E remove -f CMakeFiles/cmTC_0fff5.dir/objects.a
/usr/bin/i686-w64-mingw32-ar cr CMakeFiles/cmTC_0fff5.dir/objects.a @CMakeFiles/cmTC_0fff5.dir/objects1.rsp
/usr/bin/i686-w64-mingw32-gcc   -Wall -Wextra -Wshadow -Wmissing-prototypes -Wunused -Wfloat-equal -Wpointer-arith -Wwrite-strings -Wformat-security -Wmissing-format-attribute -Wmissing-format-attribute -D_GNU_SOURCE -D__STDC_FORMAT_MACROS=1 -D_FILE_OFFSET_BITS=64 -DCHECK_FUNCTION_EXISTS=__mingw_asprintf    -Wl,--whole-archive CMakeFiles/cmTC_0fff5.dir/objects.a -Wl,--no-whole-archive  -o cmTC_0fff5.exe -Wl,--out-implib,libcmTC_0fff5.dll.a -Wl,--major-image-version,0,--minor-image-version,0 @CMakeFiles/cmTC_0fff5.dir/linklibs.rsp
gmake[1]: Leaving directory '/home/vanquan/client/build-win32/CMakeFiles/CMakeTmp'


Performing C++ SOURCE FILE Test COMPILER_HAS_DEPRECATED_ATTR succeeded with the following output:
Change Dir: /home/vanquan/client/build-win32/CMakeFiles/CMakeTmp

Run Build Command:"/usr/bin/gmake" "cmTC_7904e/fast"
/usr/bin/gmake -f CMakeFiles/cmTC_7904e.dir/build.make CMakeFiles/cmTC_7904e.dir/build
gmake[1]: Entering directory '/home/vanquan/client/build-win32/CMakeFiles/CMakeTmp'
Building CXX object CMakeFiles/cmTC_7904e.dir/src.cxx.obj
/usr/bin/i686-w64-mingw32-g++     -Wall -Wextra -pedantic -Wno-long-long -std=c++0x -Wpedantic -DCOMPILER_HAS_DEPRECATED_ATTR   -o CMakeFiles/cmTC_7904e.dir/src.cxx.obj -c /home/vanquan/client/build-win32/CMakeFiles/CMakeTmp/src.cxx
/home/vanquan/client/build-win32/CMakeFiles/CMakeTmp/src.cxx: In function 'int main()':
/home/vanquan/client/build-win32/CMakeFiles/CMakeTmp/src.cxx:2:25: warning: 'int somefunc()' is deprecated (declared at /home/vanquan/client/build-win32/CMakeFiles/CMakeTmp/src.cxx:1) [-Wdeprecated-declarations]
     int main() { return somefunc();}
                         ^
/home/vanquan/client/build-win32/CMakeFiles/CMakeTmp/src.cxx:2:34: warning: 'int somefunc()' is deprecated (declared at /home/vanquan/client/build-win32/CMakeFiles/CMakeTmp/src.cxx:1) [-Wdeprecated-declarations]
     int main() { return somefunc();}
                                  ^
Linking CXX executable cmTC_7904e.exe
/usr/bin/cmake -E cmake_link_script CMakeFiles/cmTC_7904e.dir/link.txt --verbose=1
/usr/bin/cmake -E remove -f CMakeFiles/cmTC_7904e.dir/objects.a
/usr/bin/i686-w64-mingw32-ar cr CMakeFiles/cmTC_7904e.dir/objects.a @CMakeFiles/cmTC_7904e.dir/objects1.rsp
/usr/bin/i686-w64-mingw32-g++   -Wall -Wextra -pedantic -Wno-long-long -std=c++0x -Wpedantic -DCOMPILER_HAS_DEPRECATED_ATTR    -Wl,--whole-archive CMakeFiles/cmTC_7904e.dir/objects.a -Wl,--no-whole-archive  -o cmTC_7904e.exe -Wl,--out-implib,libcmTC_7904e.dll.a -Wl,--major-image-version,0,--minor-image-version,0 @CMakeFiles/cmTC_7904e.dir/linklibs.rsp
gmake[1]: Leaving directory '/home/vanquan/client/build-win32/CMakeFiles/CMakeTmp'

Source file was:
__attribute__((__deprecated__)) int somefunc() { return 0; }
    int main() { return somefunc();}
